F:\GITHUB\C++_WORKSPACE\ASSIGNMENTFOUR\DEBUG\TEMPLATE.EXE
F:\GITHUB\C++_WORKSPACE\ASSIGNMENTFOUR\DEBUG\TEMPLATE.ILK
F:\GITHUB\C++_WORKSPACE\ASSIGNMENTFOUR\DEBUG\TEMPLATE.PDB
F:\GITHUB\C++_WORKSPACE\ASSIGNMENTFOUR\TEMPLATE\DEBUG\CAR.OBJ
F:\GitHub\C++_WorkSpace\AssignmentFour\Template\Debug\cl.command.1.tlog
F:\GitHub\C++_WorkSpace\AssignmentFour\Template\Debug\CL.read.1.tlog
F:\GitHub\C++_WorkSpace\AssignmentFour\Template\Debug\CL.write.1.tlog
F:\GITHUB\C++_WORKSPACE\ASSIGNMENTFOUR\TEMPLATE\DEBUG\CURVE044.OBJ
F:\GITHUB\C++_WORKSPACE\ASSIGNMENTFOUR\TEMPLATE\DEBUG\EULER044.OBJ
F:\GitHub\C++_WorkSpace\AssignmentFour\Template\Debug\link.7040.read.1.tlog
F:\GitHub\C++_WorkSpace\AssignmentFour\Template\Debug\link.7040.write.1.tlog
F:\GitHub\C++_WorkSpace\AssignmentFour\Template\Debug\link.7040-cvtres.read.1.tlog
F:\GitHub\C++_WorkSpace\AssignmentFour\Template\Debug\link.7040-cvtres.write.1.tlog
F:\GitHub\C++_WorkSpace\AssignmentFour\Template\Debug\link.command.1.tlog
F:\GitHub\C++_WorkSpace\AssignmentFour\Template\Debug\link.read.1.tlog
F:\GitHub\C++_WorkSpace\AssignmentFour\Template\Debug\link.write.1.tlog
F:\GitHub\C++_WorkSpace\AssignmentFour\Template\Debug\link-cvtres.read.1.tlog
F:\GitHub\C++_WorkSpace\AssignmentFour\Template\Debug\link-cvtres.write.1.tlog
F:\GITHUB\C++_WORKSPACE\ASSIGNMENTFOUR\TEMPLATE\DEBUG\MAIN.OBJ
F:\GITHUB\C++_WORKSPACE\ASSIGNMENTFOUR\TEMPLATE\DEBUG\MATRIX044.OBJ
F:\GitHub\C++_WorkSpace\AssignmentFour\Template\Debug\mt.command.1.tlog
F:\GitHub\C++_WorkSpace\AssignmentFour\Template\Debug\mt.read.1.tlog
F:\GitHub\C++_WorkSpace\AssignmentFour\Template\Debug\mt.write.1.tlog
F:\GITHUB\C++_WORKSPACE\ASSIGNMENTFOUR\TEMPLATE\DEBUG\MYNAME.OBJ
F:\GITHUB\C++_WORKSPACE\ASSIGNMENTFOUR\TEMPLATE\DEBUG\QUATERNION044.OBJ
F:\GitHub\C++_WorkSpace\AssignmentFour\Template\Debug\rc.command.1.tlog
F:\GitHub\C++_WorkSpace\AssignmentFour\Template\Debug\rc.read.1.tlog
F:\GitHub\C++_WorkSpace\AssignmentFour\Template\Debug\rc.write.1.tlog
F:\GITHUB\C++_WORKSPACE\ASSIGNMENTFOUR\TEMPLATE\DEBUG\TEMPLATE.EXE.EMBED.MANIFEST
F:\GITHUB\C++_WORKSPACE\ASSIGNMENTFOUR\TEMPLATE\DEBUG\TEMPLATE.EXE.EMBED.MANIFEST.RES
F:\GITHUB\C++_WORKSPACE\ASSIGNMENTFOUR\TEMPLATE\DEBUG\TEMPLATE.EXE.INTERMEDIATE.MANIFEST
F:\GitHub\C++_WorkSpace\AssignmentFour\Template\Debug\Template.write.1.tlog
F:\GitHub\C++_WorkSpace\AssignmentFour\Template\Debug\Template_manifest.rc
F:\GitHub\C++_WorkSpace\AssignmentFour\Template\Debug\vc100.idb
F:\GITHUB\C++_WORKSPACE\ASSIGNMENTFOUR\TEMPLATE\DEBUG\VC100.PDB
F:\GITHUB\C++_WORKSPACE\ASSIGNMENTFOUR\TEMPLATE\DEBUG\VECTOR044.OBJ
